# JRE version: OpenJDK Runtime Environment (11.0.2+9) (build 11.0.2+9)
# Java VM: OpenJDK 64-Bit Server VM (11.0.2+9, mixed mode, tiered, compressed oops, g1 gc, linux-amd64)
Heap:
 garbage-first heap   total 524288K, used 318099K [0x0000000700000000, 0x0000000800000000)
  region size 1024K, 98 young (100352K), 10 survivors (10240K)
 Metaspace       used 122035K, capacity 129567K, committed 129820K, reserved 1163264K
  class space    used 13170K, capacity 15706K, committed 15744K, reserved 1048576K
GC Heap History (10 events):
Event: 82.025 GC heap before
{Heap before GC invocations=20 (full 0):
 garbage-first heap   total 524288K, used 405041K [0x0000000700000000, 0x0000000800000000)
  region size 1024K, 183 young (187392K), 8 survivors (8192K)
 Metaspace       used 120290K, capacity 127790K, committed 128284K, reserved 1161216K
  class space    used 13106K, capacity 15620K, committed 15744K, reserved 1048576K
}
Event: 82.032 GC heap after
{Heap after GC invocations=21 (full 0):
 garbage-first heap   total 524288K, used 225872K [0x0000000700000000, 0x0000000800000000)
  region size 1024K, 7 young (7168K), 7 survivors (7168K)
 Metaspace       used 120290K, capacity 127790K, committed 128284K, reserved 1161216K
  class space    used 13106K, capacity 15620K, committed 15744K, reserved 1048576K
}
Event: 98.324 GC heap before
{Heap before GC invocations=21 (full 0):
 garbage-first heap   total 524288K, used 415312K [0x0000000700000000, 0x0000000800000000)
  region size 1024K, 193 young (197632K), 7 survivors (7168K)
 Metaspace       used 120992K, capacity 128566K, committed 129052K, reserved 1163264K
  class space    used 13108K, capacity 15621K, committed 15744K, reserved 1048576K
}
Event: 98.338 GC heap after
{Heap after GC invocations=22 (full 0):
 garbage-first heap   total 524288K, used 225619K [0x0000000700000000, 0x0000000800000000)
  region size 1024K, 7 young (7168K), 7 survivors (7168K)
 Metaspace       used 120992K, capacity 128566K, committed 129052K, reserved 1163264K
  class space    used 13108K, capacity 15621K, committed 15744K, reserved 1048576K
}
Event: 104.638 GC heap before
{Heap before GC invocations=22 (full 0):
 garbage-first heap   total 524288K, used 424275K [0x0000000700000000, 0x0000000800000000)
  region size 1024K, 202 young (206848K), 7 survivors (7168K)
 Metaspace       used 121369K, capacity 128918K, committed 129308K, reserved 1163264K
  class space    used 13124K, capacity 15653K, committed 15744K, reserved 1048576K
}
Event: 104.645 GC heap after
{Heap after GC invocations=23 (full 0):
 garbage-first heap   total 524288K, used 226040K [0x0000000700000000, 0x0000000800000000)
  region size 1024K, 7 young (7168K), 7 survivors (7168K)
 Metaspace       used 121369K, capacity 128918K, committed 129308K, reserved 1163264K
  class space    used 13124K, capacity 15653K, committed 15744K, reserved 1048576K
}
Event: 124.511 GC heap before
{Heap before GC invocations=23 (full 0):
 garbage-first heap   total 524288K, used 432888K [0x0000000700000000, 0x0000000800000000)
  region size 1024K, 209 young (214016K), 7 survivors (7168K)
 Metaspace       used 121955K, capacity 129500K, committed 129820K, reserved 1163264K
  class space    used 13169K, capacity 15705K, committed 15744K, reserved 1048576K
}
Event: 124.520 GC heap after
{Heap after GC invocations=24 (full 0):
 garbage-first heap   total 524288K, used 228752K [0x0000000700000000, 0x0000000800000000)
  region size 1024K, 10 young (10240K), 10 survivors (10240K)
 Metaspace       used 121955K, capacity 129500K, committed 129820K, reserved 1163264K
  class space    used 13169K, capacity 15705K, committed 15744K, reserved 1048576K
}
Event: 159.056 GC heap before
{Heap before GC invocations=24 (full 0):
 garbage-first heap   total 524288K, used 437648K [0x0000000700000000, 0x0000000800000000)
  region size 1024K, 214 young (219136K), 10 survivors (10240K)
 Metaspace       used 122025K, capacity 129567K, committed 129820K, reserved 1163264K
  class space    used 13169K, capacity 15706K, committed 15744K, reserved 1048576K
}
Event: 159.063 GC heap after
{Heap after GC invocations=25 (full 0):
 garbage-first heap   total 524288K, used 229011K [0x0000000700000000, 0x0000000800000000)
  region size 1024K, 10 young (10240K), 10 survivors (10240K)
 Metaspace       used 122025K, capacity 129567K, committed 129820K, reserved 1163264K
  class space    used 13169K, capacity 15706K, committed 15744K, reserved 1048576K
}

