# JRE version: OpenJDK Runtime Environment (11.0.2+9) (build 11.0.2+9)
# Java VM: OpenJDK 64-Bit Server VM (11.0.2+9, mixed mode, tiered, compressed oops, g1 gc, linux-amd64)
Heap:
 garbage-first heap   total 524288K, used 361721K [0x0000000700000000, 0x0000000800000000)
  region size 1024K, 100 young (102400K), 8 survivors (8192K)
 Metaspace       used 126735K, capacity 134508K, committed 134792K, reserved 1167360K
  class space    used 13593K, capacity 16216K, committed 16256K, reserved 1048576K
GC Heap History (10 events):
Event: 300.016 GC heap before
{Heap before GC invocations=57 (full 0):
 garbage-first heap   total 524288K, used 429386K [0x0000000700000000, 0x0000000800000000)
  region size 1024K, 165 young (168960K), 9 survivors (9216K)
 Metaspace       used 125614K, capacity 133376K, committed 133768K, reserved 1167360K
  class space    used 13548K, capacity 16146K, committed 16256K, reserved 1048576K
}
Event: 300.021 GC heap after
{Heap after GC invocations=58 (full 0):
 garbage-first heap   total 524288K, used 269503K [0x0000000700000000, 0x0000000800000000)
  region size 1024K, 8 young (8192K), 8 survivors (8192K)
 Metaspace       used 125614K, capacity 133376K, committed 133768K, reserved 1167360K
  class space    used 13548K, capacity 16146K, committed 16256K, reserved 1048576K
}
Event: 300.721 GC heap before
{Heap before GC invocations=58 (full 0):
 garbage-first heap   total 524288K, used 433343K [0x0000000700000000, 0x0000000800000000)
  region size 1024K, 168 young (172032K), 8 survivors (8192K)
 Metaspace       used 125779K, capacity 133508K, committed 133768K, reserved 1167360K
  class space    used 13548K, capacity 16146K, committed 16256K, reserved 1048576K
}
Event: 300.727 GC heap after
{Heap after GC invocations=59 (full 0):
 garbage-first heap   total 524288K, used 269469K [0x0000000700000000, 0x0000000800000000)
  region size 1024K, 8 young (8192K), 8 survivors (8192K)
 Metaspace       used 125779K, capacity 133508K, committed 133768K, reserved 1167360K
  class space    used 13548K, capacity 16146K, committed 16256K, reserved 1048576K
}
Event: 301.841 GC heap before
{Heap before GC invocations=59 (full 0):
 garbage-first heap   total 524288K, used 435357K [0x0000000700000000, 0x0000000800000000)
  region size 1024K, 171 young (175104K), 8 survivors (8192K)
 Metaspace       used 125866K, capacity 133572K, committed 134024K, reserved 1167360K
  class space    used 13549K, capacity 16146K, committed 16256K, reserved 1048576K
}
Event: 301.846 GC heap after
{Heap after GC invocations=60 (full 0):
 garbage-first heap   total 524288K, used 266226K [0x0000000700000000, 0x0000000800000000)
  region size 1024K, 5 young (5120K), 5 survivors (5120K)
 Metaspace       used 125866K, capacity 133572K, committed 134024K, reserved 1167360K
  class space    used 13549K, capacity 16146K, committed 16256K, reserved 1048576K
}
Event: 308.209 GC heap before
{Heap before GC invocations=60 (full 0):
 garbage-first heap   total 524288K, used 439282K [0x0000000700000000, 0x0000000800000000)
  region size 1024K, 175 young (179200K), 5 survivors (5120K)
 Metaspace       used 125929K, capacity 133702K, committed 134024K, reserved 1167360K
  class space    used 13550K, capacity 16146K, committed 16256K, reserved 1048576K
}
Event: 308.216 GC heap after
{Heap after GC invocations=61 (full 0):
 garbage-first heap   total 524288K, used 270584K [0x0000000700000000, 0x0000000800000000)
  region size 1024K, 9 young (9216K), 9 survivors (9216K)
 Metaspace       used 125929K, capacity 133702K, committed 134024K, reserved 1167360K
  class space    used 13550K, capacity 16146K, committed 16256K, reserved 1048576K
}
Event: 309.612 GC heap before
{Heap before GC invocations=61 (full 0):
 garbage-first heap   total 524288K, used 441592K [0x0000000700000000, 0x0000000800000000)
  region size 1024K, 177 young (181248K), 9 survivors (9216K)
 Metaspace       used 126408K, capacity 134190K, committed 134536K, reserved 1167360K
  class space    used 13583K, capacity 16179K, committed 16256K, reserved 1048576K
}
Event: 309.618 GC heap after
{Heap after GC invocations=62 (full 0):
 garbage-first heap   total 524288K, used 269561K [0x0000000700000000, 0x0000000800000000)
  region size 1024K, 8 young (8192K), 8 survivors (8192K)
 Metaspace       used 126408K, capacity 134190K, committed 134536K, reserved 1167360K
  class space    used 13583K, capacity 16179K, committed 16256K, reserved 1048576K
}

